Arguments: 
  C:\Program Files\nodejs\node.exe C:\Users\seongjun\AppData\Roaming\npm\node_modules\yarn\bin\yarn.js install

PATH: 
  C:\Program Files\NVIDIA GPU Computing Toolkit\CUDA\v12.3\bin;C:\Program Files\NVIDIA GPU Computing Toolkit\CUDA\v12.3\libnvvp;C:\Program Files\Microsoft\jdk-11.0.18.10-hotspot\bin;C:\Program Files\Common Files\Oracle\Java\javapath;C:\Windows\system32;C:\Windows;C:\Windows\System32\Wbem;C:\Windows\System32\WindowsPowerShell\v1.0\;C:\Windows\System32\OpenSSH\;D:\programfiles\zip\Bandizip\;C:\Program Files\Microsoft\jdk-11.0.18.10-hotspot\\bin;C:\Users\seongjun\Desktop\Tree\fl\flutter_windows_3.10.2-stable\flutter\bin;C:\Users\seongjun\AppData\Local\Pub\Cache\bin;C:\ProgramData\chocolatey\bin;C:\Program Files\OpenSSL-Win64\bin;C:\Program Files\Go\bin;C:\curl-8.2.0_1-win64-mingw\bin;C:\Program Files\Docker\Docker\resources\bin;C:\MinGW\bin;C:\emsdk\upstream\emscripten;C:\Program Files (x86)\NVIDIA Corporation\PhysX\Common;C:\Program Files\NVIDIA Corporation\NVIDIA NvDLISR;C:\Program Files\NVIDIA GPU Computing Toolkit\CUDA\v12.3\include;C:\Program Files\NVIDIA GPU Computing Toolkit\CUDA\v12.3\bin;C:\Program Files\NVIDIA GPU Computing Toolkit\CUDA\v12.3\lib;C:\Users\seongjun\AppData\Local\Programs\Python\Python39\;C:\Users\seongjun\AppData\Local\Programs\Python\Python39\Scripts;C:\Program Files\nodejs\;C:\Users\seongjun\AppData\Local\Programs\Python\Python39\Scripts\;C:\Users\seongjun\AppData\Local\Programs\Python\Python39\;C:\Scoop\shims;C:\Users\seongjun\AppData\Local\Microsoft\WindowsApps;D:\programfiles\vs_code\Microsoft VS Code\bin;D:\programfiles\intellij\IntelliJ IDEA Community Edition 2022.3.3\bin;;C:\Users\seongjun\Desktop\flutter\bin;%JAVA_HOME\bin;C:\Users\seongjun\AppData\Local\Android\Sdk\platform-tools;;C:\Program Files\JetBrains\WebStorm 2023.1.3\bin;;C:\Users\seongjun\AppData\Local\Programs\Microsoft VS Code\bin;C:\Users\seongjun\go\bin;C:\Users\seongjun\AppData\Roaming\npm;;C:\Users\seongjun\kubo_v0.22.0\kubo;;C:\Users\seongjun\Apps\kubo_v0.22.0\kubo;;C:\Users\seongjun\Apps\kubo_v0.22.0\kubo;;C:\Users\seongjun\Apps\kubo_v0.22.0\kubo

Yarn version: 
  1.22.19

Node version: 
  20.11.0

Platform: 
  win32 x64

Trace: 
  Error: https://registry.yarnpkg.com/react-native/-/react-native-0.74.1.tgz: ESOCKETTIMEDOUT
      at ClientRequest.<anonymous> (C:\Users\seongjun\AppData\Roaming\npm\node_modules\yarn\lib\cli.js:141517:19)
      at Object.onceWrapper (node:events:632:28)
      at ClientRequest.emit (node:events:518:28)
      at TLSSocket.emitRequestTimeout (node:_http_client:840:9)
      at Object.onceWrapper (node:events:632:28)
      at TLSSocket.emit (node:events:530:35)
      at Socket._onTimeout (node:net:589:8)
      at listOnTimeout (node:internal/timers:573:17)
      at process.processTimers (node:internal/timers:514:7)

npm manifest: 
  {
    "name": "iotproject",
    "version": "1.0.0",
    "main": "expo/AppEntry.js",
    "scripts": {
      "start": "expo start",
      "android": "expo start --android",
      "ios": "expo start --ios",
      "web": "expo start --web"
    },
    "dependencies": {
      "expo": "~51.0.8",
      "expo-status-bar": "~1.12.1",
      "react": "18.2.0",
      "react-native": "0.74.1"
    },
    "devDependencies": {
      "@babel/core": "^7.20.0",
      "@types/react": "~18.2.45",
      "typescript": "^5.1.3"
    },
    "private": true
  }

yarn manifest: 
  No manifest

Lockfile: 
  No lockfile
